WARNING: C:\Xilinx\12.1\ISE_DS\ISE\lib\nt64 does not exist.
WARNING: C:\Xilinx\12.1\ISE_DS\ISE\bin\nt64 does not exist.

WARNING: %XILINX% does not contain 64bit executables. Defaulting to 32bit.


****** PlanAhead v12.1
  **** Build 61553 by hdbuild on Fri Apr 23 10:13:54 PDT 2010
    ** Copyright 1986-1999, 2001-2010 Xilinx, Inc. All Rights Reserved.

INFO: [HD-Licensing 0] Attempting to get a license: PlanAhead
INFO: [HD-Licensing 1] Got a license: PlanAhead
INFO: [HD-ArchReader 0] Loading parts and site information from C:\Xilinx\12.1\ISE_DS\PlanAhead\parts\arch.xml
INFO: [HD-RTPRIM 0] Parsing RTL primitives file 'C:\Xilinx\12.1\ISE_DS\PlanAhead\parts\xilinx\rtl\prims\rtl_prims.xml'
INFO: [HD-RTPRIM 1] Finished Parsing RTL primitives file 'C:\Xilinx\12.1\ISE_DS\PlanAhead\parts\xilinx\rtl\prims\rtl_prims.xml'
INFO: [HD-Application 1] Opened log file D:/Repository/XILINX/aes/planAhead_run_1/planAhead.log
INFO: [HD-Application 2] Opened journal file D:/Repository/XILINX/aes/planAhead_run_1/planAhead.jou
Release 12.1 - ngc2edif M.53d (nt)
Copyright (c) 1995-2010 Xilinx, Inc.  All rights reserved.

Release 12.1 - ngc2edif M.53d (nt)
Copyright (c) 1995-2010 Xilinx, Inc.  All rights reserved.
Reading design aescore.ngc ...
WARNING:NetListWriters:298 - No output is written to aescore.xncf, ignored.
Processing design ...
   Preping design's networks ...
   Preping design's macros ...
WARNING:NetListWriters:306 - Signal bus AES1/KGEN/GEN/DATPATH1/q[25 : 0] on
   block aescore is not reconstructed, because there are some missing bus
   signals.
WARNING:NetListWriters:306 - Signal bus AES1/KGEN/GEN/DATPATH1/SBX1/INV1/sig9[3
   : 0] on block aescore is not reconstructed, because there are some missing
   bus signals.
WARNING:NetListWriters:306 - Signal bus AES1/KGEN/GEN/DATPATH1/SBX2/INV1/sig9[3
   : 0] on block aescore is not reconstructed, because there are some missing
   bus signals.
WARNING:NetListWriters:306 - Signal bus AES1/KGEN/GEN/DATPATH1/SBX3/INV1/sig9[3
   : 0] on block aescore is not reconstructed, because there are some missing
   bus signals.
WARNING:NetListWriters:306 - Signal bus AES1/KGEN/GEN/DATPATH1/SBX4/INV1/sig9[3
   : 0] on block aescore is not reconstructed, because there are some missing
   bus signals.
WARNING:NetListWriters:306 - Signal bus AES1/DUNIT/DATAPATH/SBOX3/INV1/sig9[3 :
   0] on block aescore is not reconstructed, because there are some missing bus
   signals.
WARNING:NetListWriters:306 - Signal bus AES1/DUNIT/DATAPATH/SBOX2/INV1/sig9[3 :
   0] on block aescore is not reconstructed, because there are some missing bus
   signals.
WARNING:NetListWriters:306 - Signal bus AES1/DUNIT/DATAPATH/SBOX1/INV1/sig9[3 :
   0] on block aescore is not reconstructed, because there are some missing bus
   signals.
WARNING:NetListWriters:306 - Signal bus AES1/DUNIT/DATAPATH/SBOX0/INV1/sig9[3 :
   0] on block aescore is not reconstructed, because there are some missing bus
   signals.
WARNING:NetListWriters:306 - Signal bus AES1/DUNIT/DATAPATH/SBOX0/outinvers[6 :
   0] on block aescore is not reconstructed, because there are some missing bus
   signals.
WARNING:NetListWriters:306 - Signal bus AES1/DUNIT/DATAPATH/SBOX0/ininvers[7 :
   1] on block aescore is not reconstructed, because there are some missing bus
   signals.
WARNING:NetListWriters:306 - Signal bus AES1/DUNIT/DATAPATH/SBOX1/outinvers[6 :
   0] on block aescore is not reconstructed, because there are some missing bus
   signals.
WARNING:NetListWriters:306 - Signal bus AES1/DUNIT/DATAPATH/SBOX1/ininvers[7 :
   1] on block aescore is not reconstructed, because there are some missing bus
   signals.
WARNING:NetListWriters:306 - Signal bus AES1/DUNIT/DATAPATH/SBOX2/outinvers[6 :
   0] on block aescore is not reconstructed, because there are some missing bus
   signals.
WARNING:NetListWriters:306 - Signal bus AES1/DUNIT/DATAPATH/SBOX2/ininvers[7 :
   1] on block aescore is not reconstructed, because there are some missing bus
   signals.
WARNING:NetListWriters:306 - Signal bus AES1/DUNIT/DATAPATH/SBOX3/outinvers[6 :
   0] on block aescore is not reconstructed, because there are some missing bus
   signals.
WARNING:NetListWriters:306 - Signal bus AES1/DUNIT/DATAPATH/SBOX3/ininvers[7 :
   1] on block aescore is not reconstructed, because there are some missing bus
   signals.
  finished :Prep
Writing EDIF netlist file aescore.edif ...
ngc2edif: Total memory usage is 82876 kilobytes

Release 12.1 - xdl M.53d (nt)
Copyright (c) 1995-2010 Xilinx, Inc.  All rights reserved.

Loading device for application Rf_Device from file '6slx45.nph' in environment C:\Xilinx\12.1\ISE_DS\ISE.
   "aescore" is an NCD, version 3.2, device xc6slx45, package csg324, speed -3
Successfully converted design 'D:\Repository\XILINX\aes\aescore.ncd' to 'D:\Repository\XILINX\aes\aescore.xdl'.
INFO: [HD-Application 0] Exiting PlanAhead...
INFO: [HD-Licensing 2] Releasing license: PlanAhead
